2025-08-21 00:52:50,595 - high_frequency_execution_engine - INFO - Starting High-Frequency Trading Session: hf_session_20250821_005250
2025-08-21 00:52:50,595 - high_frequency_execution_engine - INFO - Duration: 0.08333333333333333 hours
2025-08-21 00:52:50,595 - high_frequency_execution_engine - INFO - Pairs: ['ETH/CAD', 'BTC/CAD', 'SOL/CAD', 'XRP/CAD']
2025-08-21 00:52:50,596 - high_frequency_execution_engine - INFO - Analysis Interval: 10s
2025-08-21 00:52:50,600 - high_frequency_math_engine - ERROR - Error generating trade signal for ETH/CAD: 'rsi_period'
2025-08-21 00:52:50,651 - high_frequency_math_engine - ERROR - Error generating trade signal for BTC/CAD: 'rsi_period'
2025-08-21 00:52:50,669 - high_frequency_math_engine - ERROR - Error generating trade signal for SOL/CAD: 'rsi_period'
2025-08-21 00:52:50,693 - high_frequency_math_engine - ERROR - Error generating trade signal for XRP/CAD: 'rsi_period'
2025-08-21 00:53:00,734 - high_frequency_math_engine - ERROR - Error generating trade signal for ETH/CAD: 'rsi_period'
2025-08-21 00:53:00,771 - high_frequency_math_engine - ERROR - Error generating trade signal for BTC/CAD: 'rsi_period'
2025-08-21 00:53:00,810 - high_frequency_math_engine - ERROR - Error generating trade signal for SOL/CAD: 'rsi_period'
2025-08-21 00:53:00,841 - high_frequency_math_engine - ERROR - Error generating trade signal for XRP/CAD: 'rsi_period'
2025-08-21 00:53:10,892 - high_frequency_math_engine - ERROR - Error generating trade signal for ETH/CAD: 'rsi_period'
2025-08-21 00:53:10,921 - high_frequency_math_engine - ERROR - Error generating trade signal for BTC/CAD: 'rsi_period'
2025-08-21 00:53:10,942 - high_frequency_math_engine - ERROR - Error generating trade signal for SOL/CAD: 'rsi_period'
2025-08-21 00:53:10,977 - high_frequency_math_engine - ERROR - Error generating trade signal for XRP/CAD: 'rsi_period'
2025-08-21 00:53:21,011 - high_frequency_math_engine - ERROR - Error generating trade signal for ETH/CAD: 'rsi_period'
2025-08-21 00:53:21,041 - high_frequency_math_engine - ERROR - Error generating trade signal for BTC/CAD: 'rsi_period'
2025-08-21 00:53:21,069 - high_frequency_math_engine - ERROR - Error generating trade signal for SOL/CAD: 'rsi_period'
2025-08-21 00:53:21,095 - high_frequency_math_engine - ERROR - Error generating trade signal for XRP/CAD: 'rsi_period'
2025-08-21 00:53:31,140 - high_frequency_math_engine - ERROR - Error generating trade signal for ETH/CAD: 'rsi_period'
2025-08-21 00:53:31,160 - high_frequency_math_engine - ERROR - Error generating trade signal for BTC/CAD: 'rsi_period'
2025-08-21 00:53:31,182 - high_frequency_math_engine - ERROR - Error generating trade signal for SOL/CAD: 'rsi_period'
2025-08-21 00:53:31,207 - high_frequency_math_engine - ERROR - Error generating trade signal for XRP/CAD: 'rsi_period'
2025-08-21 00:53:41,277 - high_frequency_math_engine - ERROR - Error generating trade signal for ETH/CAD: 'rsi_period'
2025-08-21 00:53:41,327 - high_frequency_math_engine - ERROR - Error generating trade signal for BTC/CAD: 'rsi_period'
2025-08-21 00:53:41,372 - high_frequency_math_engine - ERROR - Error generating trade signal for SOL/CAD: 'rsi_period'
2025-08-21 00:53:41,389 - high_frequency_math_engine - ERROR - Error generating trade signal for XRP/CAD: 'rsi_period'
2025-08-21 00:53:51,427 - high_frequency_math_engine - ERROR - Error generating trade signal for ETH/CAD: 'rsi_period'
2025-08-21 00:53:51,464 - high_frequency_math_engine - ERROR - Error generating trade signal for BTC/CAD: 'rsi_period'
2025-08-21 00:53:51,491 - high_frequency_math_engine - ERROR - Error generating trade signal for SOL/CAD: 'rsi_period'
2025-08-21 00:53:51,512 - high_frequency_math_engine - ERROR - Error generating trade signal for XRP/CAD: 'rsi_period'
