2025-08-21 19:46:29,852 | INFO | AI models loaded successfully!
2025-08-21 19:46:29,852 | INFO | PRODUCTION AI TRADER INITIALIZED
2025-08-21 19:46:29,852 | INFO |    Session: production_ai_20250821_194628
2025-08-21 19:46:29,853 | INFO |    Capital: $1,000.00
2025-08-21 19:46:29,853 | INFO |    Max Daily Loss: 3.0%
2025-08-21 19:46:29,853 | INFO |    Max Position Risk: 12.0%
2025-08-21 19:46:29,853 | INFO |    Daily Trade Limit: 40
2025-08-21 19:46:29,853 | INFO | 
STARTING PRODUCTION AI TRADING
2025-08-21 19:46:29,853 | INFO |    Max Runtime: 72 hours
2025-08-21 19:46:29,853 | INFO |    Check Interval: 45 seconds
2025-08-21 19:46:29,853 | INFO |    Safety Limits: 3.0% daily loss, 12.0% position risk
2025-08-21 19:46:29,853 | INFO | ================================================================================
2025-08-21 19:46:29,853 | INFO | 
Step 1 - 2025-08-21 19:46:29
2025-08-21 19:46:30,191 | INFO |    AI ETH/CAD: HOLD (Conf: 62.8%, Exp: +0.0001)
2025-08-21 19:46:30,192 | INFO |    No trade (below thresholds)
2025-08-21 19:46:31,410 | INFO |    AI BTC/CAD: HOLD (Conf: 74.7%, Exp: +0.0001)
2025-08-21 19:46:31,410 | INFO |    No trade (below thresholds)
2025-08-21 19:46:32,647 | INFO |    AI SOL/CAD: HOLD (Conf: 52.6%, Exp: +0.0001)
2025-08-21 19:46:32,647 | INFO |    No trade (below thresholds)
2025-08-21 19:46:33,825 | INFO |    AI XRP/CAD: HOLD (Conf: 58.0%, Exp: +0.0001)
2025-08-21 19:46:33,825 | INFO |    No trade (below thresholds)
2025-08-21 19:46:33,825 | INFO | 
Step 1 Summary:
2025-08-21 19:46:33,826 | INFO |    Opportunities: 0
2025-08-21 19:46:33,826 | INFO |    Total Trades: 0 (Daily: 0)
2025-08-21 19:46:33,826 | INFO |    Capital: $1000.00 (+0.00%)
2025-08-21 19:46:33,826 | INFO |    Runtime: 0.0 hours
2025-08-21 19:46:33,826 | INFO |    Active Positions: 0
2025-08-21 19:47:18,851 | INFO | 
Step 2 - 2025-08-21 19:47:18
2025-08-21 19:47:19,245 | INFO |    AI ETH/CAD: HOLD (Conf: 62.8%, Exp: +0.0001)
2025-08-21 19:47:19,245 | INFO |    No trade (below thresholds)
2025-08-21 19:47:20,401 | INFO |    AI BTC/CAD: HOLD (Conf: 74.7%, Exp: +0.0001)
2025-08-21 19:47:20,401 | INFO |    No trade (below thresholds)
2025-08-21 19:47:21,690 | INFO |    AI SOL/CAD: HOLD (Conf: 53.2%, Exp: +0.0001)
2025-08-21 19:47:21,690 | INFO |    No trade (below thresholds)
2025-08-21 19:47:22,816 | INFO |    AI XRP/CAD: HOLD (Conf: 58.0%, Exp: +0.0001)
2025-08-21 19:47:22,817 | INFO |    No trade (below thresholds)
2025-08-21 19:47:22,817 | INFO | 
Step 2 Summary:
2025-08-21 19:47:22,817 | INFO |    Opportunities: 0
2025-08-21 19:47:22,817 | INFO |    Total Trades: 0 (Daily: 0)
2025-08-21 19:47:22,817 | INFO |    Capital: $1000.00 (+0.00%)
2025-08-21 19:47:22,817 | INFO |    Runtime: 0.0 hours
2025-08-21 19:47:22,817 | INFO |    Active Positions: 0
2025-08-21 19:48:07,836 | INFO | 
Step 3 - 2025-08-21 19:48:07
2025-08-21 19:48:08,441 | INFO |    AI ETH/CAD: HOLD (Conf: 61.9%, Exp: +0.0001)
2025-08-21 19:48:08,442 | INFO |    No trade (below thresholds)
2025-08-21 19:48:09,721 | INFO |    AI BTC/CAD: HOLD (Conf: 74.7%, Exp: +0.0001)
2025-08-21 19:48:09,722 | INFO |    No trade (below thresholds)
2025-08-21 19:48:10,830 | INFO |    AI SOL/CAD: HOLD (Conf: 53.2%, Exp: +0.0001)
2025-08-21 19:48:10,831 | INFO |    No trade (below thresholds)
2025-08-21 19:48:12,090 | INFO |    AI XRP/CAD: HOLD (Conf: 58.0%, Exp: +0.0001)
2025-08-21 19:48:12,092 | INFO |    No trade (below thresholds)
2025-08-21 19:48:12,093 | INFO | 
Step 3 Summary:
2025-08-21 19:48:12,093 | INFO |    Opportunities: 0
2025-08-21 19:48:12,093 | INFO |    Total Trades: 0 (Daily: 0)
2025-08-21 19:48:12,094 | INFO |    Capital: $1000.00 (+0.00%)
2025-08-21 19:48:12,094 | INFO |    Runtime: 0.0 hours
2025-08-21 19:48:12,094 | INFO |    Active Positions: 0
2025-08-21 19:48:57,121 | INFO | 
Step 4 - 2025-08-21 19:48:57
2025-08-21 19:48:57,583 | INFO |    AI ETH/CAD: HOLD (Conf: 62.1%, Exp: +0.0001)
2025-08-21 19:48:57,584 | INFO |    No trade (below thresholds)
2025-08-21 19:48:59,653 | INFO |    AI BTC/CAD: HOLD (Conf: 75.7%, Exp: +0.0001)
2025-08-21 19:48:59,665 | INFO |    No trade (below thresholds)
2025-08-21 19:49:00,651 | INFO |    AI SOL/CAD: HOLD (Conf: 53.2%, Exp: +0.0001)
2025-08-21 19:49:00,652 | INFO |    No trade (below thresholds)
2025-08-21 19:49:01,748 | INFO |    AI XRP/CAD: HOLD (Conf: 58.4%, Exp: +0.0001)
2025-08-21 19:49:01,749 | INFO |    No trade (below thresholds)
2025-08-21 19:49:01,751 | INFO | 
Step 4 Summary:
2025-08-21 19:49:01,752 | INFO |    Opportunities: 0
2025-08-21 19:49:01,753 | INFO |    Total Trades: 0 (Daily: 0)
2025-08-21 19:49:01,753 | INFO |    Capital: $1000.00 (+0.00%)
2025-08-21 19:49:01,754 | INFO |    Runtime: 0.0 hours
2025-08-21 19:49:01,755 | INFO |    Active Positions: 0
2025-08-21 19:49:46,792 | INFO | 
Step 5 - 2025-08-21 19:49:46
2025-08-21 19:49:48,704 | INFO |    AI ETH/CAD: HOLD (Conf: 62.1%, Exp: +0.0001)
2025-08-21 19:49:48,715 | INFO |    No trade (below thresholds)
2025-08-21 19:49:49,330 | INFO |    AI BTC/CAD: HOLD (Conf: 75.7%, Exp: +0.0001)
2025-08-21 19:49:49,331 | INFO |    No trade (below thresholds)
2025-08-21 19:49:50,405 | INFO |    AI SOL/CAD: HOLD (Conf: 53.2%, Exp: +0.0001)
2025-08-21 19:49:50,407 | INFO |    No trade (below thresholds)
2025-08-21 19:49:51,815 | INFO |    AI XRP/CAD: HOLD (Conf: 58.4%, Exp: +0.0001)
2025-08-21 19:49:51,817 | INFO |    No trade (below thresholds)
2025-08-21 19:49:51,819 | INFO | 
Step 5 Summary:
2025-08-21 19:49:51,820 | INFO |    Opportunities: 0
2025-08-21 19:49:51,821 | INFO |    Total Trades: 0 (Daily: 0)
2025-08-21 19:49:51,823 | INFO |    Capital: $1000.00 (+0.00%)
2025-08-21 19:49:51,824 | INFO |    Runtime: 0.1 hours
2025-08-21 19:49:51,825 | INFO |    Active Positions: 0
2025-08-21 19:50:36,874 | INFO | 
Step 6 - 2025-08-21 19:50:36
2025-08-21 19:50:37,296 | INFO |    AI ETH/CAD: HOLD (Conf: 62.5%, Exp: +0.0001)
2025-08-21 19:50:37,296 | INFO |    No trade (below thresholds)
2025-08-21 19:50:38,412 | INFO |    AI BTC/CAD: HOLD (Conf: 74.7%, Exp: +0.0001)
2025-08-21 19:50:38,413 | INFO |    No trade (below thresholds)
2025-08-21 19:50:39,631 | INFO |    AI SOL/CAD: HOLD (Conf: 53.2%, Exp: +0.0001)
2025-08-21 19:50:39,631 | INFO |    No trade (below thresholds)
2025-08-21 19:50:41,001 | INFO |    AI XRP/CAD: HOLD (Conf: 58.6%, Exp: +0.0001)
2025-08-21 19:50:41,001 | INFO |    No trade (below thresholds)
2025-08-21 19:50:41,002 | INFO | 
Step 6 Summary:
2025-08-21 19:50:41,002 | INFO |    Opportunities: 0
2025-08-21 19:50:41,002 | INFO |    Total Trades: 0 (Daily: 0)
2025-08-21 19:50:41,002 | INFO |    Capital: $1000.00 (+0.00%)
2025-08-21 19:50:41,002 | INFO |    Runtime: 0.1 hours
2025-08-21 19:50:41,002 | INFO |    Active Positions: 0
2025-08-21 19:51:26,016 | INFO | 
Step 7 - 2025-08-21 19:51:26
2025-08-21 19:51:26,449 | INFO |    AI ETH/CAD: HOLD (Conf: 62.4%, Exp: +0.0001)
2025-08-21 19:51:26,449 | INFO |    No trade (below thresholds)
2025-08-21 19:51:27,751 | INFO |    AI BTC/CAD: HOLD (Conf: 74.7%, Exp: +0.0001)
2025-08-21 19:51:27,751 | INFO |    No trade (below thresholds)
2025-08-21 19:51:28,785 | INFO |    AI SOL/CAD: HOLD (Conf: 53.2%, Exp: +0.0001)
2025-08-21 19:51:28,785 | INFO |    No trade (below thresholds)
2025-08-21 19:51:30,070 | INFO |    AI XRP/CAD: HOLD (Conf: 58.6%, Exp: +0.0001)
2025-08-21 19:51:30,070 | INFO |    No trade (below thresholds)
2025-08-21 19:51:30,071 | INFO | 
Step 7 Summary:
2025-08-21 19:51:30,071 | INFO |    Opportunities: 0
2025-08-21 19:51:30,071 | INFO |    Total Trades: 0 (Daily: 0)
2025-08-21 19:51:30,071 | INFO |    Capital: $1000.00 (+0.00%)
2025-08-21 19:51:30,071 | INFO |    Runtime: 0.1 hours
2025-08-21 19:51:30,071 | INFO |    Active Positions: 0
2025-08-21 19:52:15,084 | INFO | Health check passed
2025-08-21 19:52:15,084 | INFO | 
Step 8 - 2025-08-21 19:52:15
2025-08-21 19:52:15,423 | INFO |    AI ETH/CAD: HOLD (Conf: 62.4%, Exp: +0.0001)
2025-08-21 19:52:15,423 | INFO |    No trade (below thresholds)
2025-08-21 19:52:16,685 | INFO |    AI BTC/CAD: HOLD (Conf: 74.7%, Exp: +0.0001)
2025-08-21 19:52:16,686 | INFO |    No trade (below thresholds)
2025-08-21 19:52:17,860 | INFO |    AI SOL/CAD: HOLD (Conf: 53.2%, Exp: +0.0001)
2025-08-21 19:52:17,860 | INFO |    No trade (below thresholds)
2025-08-21 19:52:19,080 | INFO |    AI XRP/CAD: HOLD (Conf: 58.5%, Exp: +0.0001)
2025-08-21 19:52:19,080 | INFO |    No trade (below thresholds)
2025-08-21 19:52:19,080 | INFO | 
Step 8 Summary:
2025-08-21 19:52:19,080 | INFO |    Opportunities: 0
2025-08-21 19:52:19,080 | INFO |    Total Trades: 0 (Daily: 0)
2025-08-21 19:52:19,080 | INFO |    Capital: $1000.00 (+0.00%)
2025-08-21 19:52:19,081 | INFO |    Runtime: 0.1 hours
2025-08-21 19:52:19,081 | INFO |    Active Positions: 0
2025-08-21 19:53:04,095 | INFO | 
Step 9 - 2025-08-21 19:53:04
2025-08-21 19:53:04,387 | INFO |    AI ETH/CAD: HOLD (Conf: 62.4%, Exp: +0.0001)
2025-08-21 19:53:04,387 | INFO |    No trade (below thresholds)
2025-08-21 19:53:05,632 | INFO |    AI BTC/CAD: HOLD (Conf: 75.0%, Exp: +0.0001)
2025-08-21 19:53:05,632 | INFO |    No trade (below thresholds)
2025-08-21 19:53:07,155 | INFO |    AI SOL/CAD: HOLD (Conf: 53.2%, Exp: +0.0001)
2025-08-21 19:53:07,155 | INFO |    No trade (below thresholds)
2025-08-21 19:53:08,788 | INFO |    AI XRP/CAD: HOLD (Conf: 58.5%, Exp: +0.0001)
2025-08-21 19:53:08,788 | INFO |    No trade (below thresholds)
2025-08-21 19:53:08,788 | INFO | 
Step 9 Summary:
2025-08-21 19:53:08,788 | INFO |    Opportunities: 0
2025-08-21 19:53:08,789 | INFO |    Total Trades: 0 (Daily: 0)
2025-08-21 19:53:08,789 | INFO |    Capital: $1000.00 (+0.00%)
2025-08-21 19:53:08,789 | INFO |    Runtime: 0.1 hours
2025-08-21 19:53:08,789 | INFO |    Active Positions: 0
